#
# There is insufficient memory for the Java Runtime Environment to continue.
# Native memory allocation (mmap) failed to map 132120576 bytes for Failed to commit area from 0x0000000082400000 to 0x000000008a200000 of length 132120576.
# Possible reasons:
#   The system is out of physical RAM or swap space
#   The process is running with CompressedOops enabled, and the Java Heap may be blocking the growth of the native heap
# Possible solutions:
#   Reduce memory load on the system
#   Increase physical memory or swap space
#   Check if swap backing store is full
#   Decrease Java heap size (-Xmx/-Xms)
#   Decrease number of Java threads
#   Decrease Java thread stack sizes (-Xss)
#   Set larger code cache with -XX:ReservedCodeCacheSize=
#   JVM is running with Unscaled Compressed Oops mode in which the Java heap is
#     placed in the first 4GB address space. The Java Heap base address is the
#     maximum limit for the native heap growth. Please use -XX:HeapBaseMinAddress
#     to set the Java Heap base and to place the Java Heap above 4GB virtual address.
# This output file may be truncated or incomplete.
#
#  Out of Memory Error (./open/src/hotspot/os/windows/os_windows.cpp:3315), pid=9128, tid=23484
#
# JRE version:  (14.0.2+12) (build )
# Java VM: OpenJDK 64-Bit Server VM (14.0.2+12-46, mixed mode, sharing, tiered, compressed oops, g1 gc, windows-amd64)
# No core dump will be written. Minidumps are not enabled by default on client versions of Windows
#

---------------  S U M M A R Y ------------

Command Line: -ea -javaagent:C:\Users\505GT\.m2\repository/org/aspectj/aspectjweaver/1.9.4/aspectjweaver-1.9.4.jar -Dfile.encoding=Cp1252 -XX:+ShowCodeDetailsInExceptionMessages org.testng.remote.RemoteTestNG -serport 61512 -protocol json -d C:\Users\505GT\eclipse-workspace\acenso\test-output C:\Users\505GT\eclipse-workspace\acenso\testng.xml

Host: Intel(R) Core(TM) i5-9300H CPU @ 2.40GHz, 8 cores, 7G,  Windows 10 , 64 bit Build 19041 (10.0.19041.804)
Time: Wed Feb 17 13:59:12 2021 Hora est. Pacífico, Sudamérica elapsed time: 0 seconds (0d 0h 0m 0s)

---------------  T H R E A D  ---------------

Current thread (0x0000010cef087000):  JavaThread "Unknown thread" [_thread_in_vm, id=23484, stack(0x0000000a98800000,0x0000000a98900000)]

Stack: [0x0000000a98800000,0x0000000a98900000]
Native frames: (J=compiled Java code, j=interpreted, Vv=VM code, C=native code)
V  [jvm.dll+0x5f8a9a]
V  [jvm.dll+0x74247a]
V  [jvm.dll+0x743c2f]
V  [jvm.dll+0x744273]
V  [jvm.dll+0x20d288]
V  [jvm.dll+0x5f5dea]
V  [jvm.dll+0x5eac45]
V  [jvm.dll+0x2c7e9c]
V  [jvm.dll+0x2c7cd2]
V  [jvm.dll+0x2cdbbc]
V  [jvm.dll+0x313fe8]
V  [jvm.dll+0x313710]
V  [jvm.dll+0x2a092a]
V  [jvm.dll+0x2a1a79]
V  [jvm.dll+0x71fd48]
V  [jvm.dll+0x321c14]
V  [jvm.dll+0x70112c]
V  [jvm.dll+0x392def]
V  [jvm.dll+0x394e61]
C  [jli.dll+0x524b]
C  [ucrtbase.dll+0x21bb2]
C  [KERNEL32.DLL+0x17034]
C  [ntdll.dll+0x4d241]


---------------  P R O C E S S  ---------------

Threads class SMR info:
_java_thread_list=0x00007ffdd9623038, length=0, elements={
}

Java Threads: ( => current thread )

Other Threads:
  0x0000010cef0c9000 GCTaskThread "GC Thread#0" [stack: 0x0000000a98900000,0x0000000a98a00000] [id=6260]
  0x0000010cef0db000 ConcurrentGCThread "G1 Main Marker" [stack: 0x0000000a98a00000,0x0000000a98b00000] [id=11772]
  0x0000010cef0dc000 ConcurrentGCThread "G1 Conc#0" [stack: 0x0000000a98b00000,0x0000000a98c00000] [id=14824]

[error occurred during error reporting (printing all threads), id 0xc0000005, EXCEPTION_ACCESS_VIOLATION (0xc0000005) at pc=0x00007ffdd8e51257]

VM state:not at safepoint (not fully initialized)

VM Mutex/Monitor currently owned by a thread:  ([mutex/lock_event])
[0x0000010cef084030] Heap_lock - owner thread: 0x0000010cef087000

Heap address: 0x0000000082400000, size: 2012 MB, Compressed Oops mode: 32-bit
Narrow klass base: 0x0000000000000000, Narrow klass shift: 0

GC Heap History (0 events):
No events

Deoptimization events (0 events):
No events

Classes unloaded (0 events):
No events

Classes redefined (0 events):
No events

Internal exceptions (0 events):
No events

Events (2 events):
Event: 0.016 Loaded shared library C:\Users\505GT\.p2\pool\plugins\org.eclipse.justj.openjdk.hotspot.jre.full.win32.x86_64_14.0.2.v20200815-0932\jre\bin\java.dll
Event: 0.017 Loaded shared library C:\Users\505GT\.p2\pool\plugins\org.eclipse.justj.openjdk.hotspot.jre.full.win32.x86_64_14.0.2.v20200815-0932\jre\bin\zip.dll


Dynamic libraries:
0x00007ff7a9730000 - 0x00007ff7a973d000 	C:\Users\505GT\.p2\pool\plugins\org.eclipse.justj.openjdk.hotspot.jre.full.win32.x86_64_14.0.2.v20200815-0932\jre\bin\javaw.exe
0x00007ffe3bf30000 - 0x00007ffe3c126000 	C:\WINDOWS\SYSTEM32\ntdll.dll
0x00007ffe3bba0000 - 0x00007ffe3bc5d000 	C:\WINDOWS\System32\KERNEL32.DLL
0x00007ffe39750000 - 0x00007ffe39a19000 	C:\WINDOWS\System32\KERNELBASE.dll
0x00007ffe39af0000 - 0x00007ffe39bf0000 	C:\WINDOWS\System32\ucrtbase.dll
0x00007ffe1fd80000 - 0x00007ffe1fd98000 	C:\Users\505GT\.p2\pool\plugins\org.eclipse.justj.openjdk.hotspot.jre.full.win32.x86_64_14.0.2.v20200815-0932\jre\bin\jli.dll
0x00007ffe20240000 - 0x00007ffe20255000 	C:\Users\505GT\.p2\pool\plugins\org.eclipse.justj.openjdk.hotspot.jre.full.win32.x86_64_14.0.2.v20200815-0932\jre\bin\VCRUNTIME140.dll
0x00007ffe3b880000 - 0x00007ffe3ba20000 	C:\WINDOWS\System32\USER32.dll
0x00007ffe39720000 - 0x00007ffe39742000 	C:\WINDOWS\System32\win32u.dll
0x00007ffe38a50000 - 0x00007ffe38ceb000 	C:\WINDOWS\WinSxS\amd64_microsoft.windows.common-controls_6595b64144ccf1df_6.0.19041.746_none_ca02b4b61b8320a4\COMCTL32.dll
0x00007ffe3ba20000 - 0x00007ffe3babe000 	C:\WINDOWS\System32\msvcrt.dll
0x00007ffe3bb40000 - 0x00007ffe3bb6a000 	C:\WINDOWS\System32\GDI32.dll
0x00007ffe39e20000 - 0x00007ffe39f2b000 	C:\WINDOWS\System32\gdi32full.dll
0x00007ffe39a20000 - 0x00007ffe39abd000 	C:\WINDOWS\System32\msvcp_win.dll
0x00007ffe3bb70000 - 0x00007ffe3bba0000 	C:\WINDOWS\System32\IMM32.DLL
0x00007ffe0f6b0000 - 0x00007ffe0f74b000 	C:\Users\505GT\.p2\pool\plugins\org.eclipse.justj.openjdk.hotspot.jre.full.win32.x86_64_14.0.2.v20200815-0932\jre\bin\msvcp140.dll
0x00007ffdd8ba0000 - 0x00007ffdd96be000 	C:\Users\505GT\.p2\pool\plugins\org.eclipse.justj.openjdk.hotspot.jre.full.win32.x86_64_14.0.2.v20200815-0932\jre\bin\server\jvm.dll
0x00007ffe3b7d0000 - 0x00007ffe3b87c000 	C:\WINDOWS\System32\ADVAPI32.dll
0x00007ffe3a7a0000 - 0x00007ffe3a83c000 	C:\WINDOWS\System32\sechost.dll
0x00007ffe3b200000 - 0x00007ffe3b32b000 	C:\WINDOWS\System32\RPCRT4.dll
0x00007ffe3a840000 - 0x00007ffe3a848000 	C:\WINDOWS\System32\PSAPI.DLL
0x00007ffe2a730000 - 0x00007ffe2a739000 	C:\WINDOWS\SYSTEM32\WSOCK32.dll
0x00007ffe3afd0000 - 0x00007ffe3b03b000 	C:\WINDOWS\System32\WS2_32.dll
0x00007ffe20f20000 - 0x00007ffe20f47000 	C:\WINDOWS\SYSTEM32\WINMM.dll
0x00007ffe32e70000 - 0x00007ffe32e7a000 	C:\WINDOWS\SYSTEM32\VERSION.dll
0x00007ffe378f0000 - 0x00007ffe37902000 	C:\WINDOWS\SYSTEM32\kernel.appcore.dll
0x00007ffe39030000 - 0x00007ffe3903a000 	C:\Users\505GT\.p2\pool\plugins\org.eclipse.justj.openjdk.hotspot.jre.full.win32.x86_64_14.0.2.v20200815-0932\jre\bin\jimage.dll
0x00007ffe39090000 - 0x00007ffe39274000 	C:\WINDOWS\SYSTEM32\DBGHELP.DLL
0x00007ffe38e40000 - 0x00007ffe38e6c000 	C:\WINDOWS\SYSTEM32\dbgcore.DLL
0x00007ffe39da0000 - 0x00007ffe39e20000 	C:\WINDOWS\System32\bcryptPrimitives.dll
0x00007ffe2aeb0000 - 0x00007ffe2aebe000 	C:\Users\505GT\.p2\pool\plugins\org.eclipse.justj.openjdk.hotspot.jre.full.win32.x86_64_14.0.2.v20200815-0932\jre\bin\instrument.dll
0x00007ffe2dd40000 - 0x00007ffe2dd65000 	C:\Users\505GT\.p2\pool\plugins\org.eclipse.justj.openjdk.hotspot.jre.full.win32.x86_64_14.0.2.v20200815-0932\jre\bin\java.dll
0x00007ffe33ba0000 - 0x00007ffe33bb6000 	C:\Users\505GT\.p2\pool\plugins\org.eclipse.justj.openjdk.hotspot.jre.full.win32.x86_64_14.0.2.v20200815-0932\jre\bin\zip.dll

dbghelp: loaded successfully - version: 4.0.5 - missing functions: none
symbol engine: initialized successfully - sym options: 0x614 - pdb path: .;C:\Users\505GT\.p2\pool\plugins\org.eclipse.justj.openjdk.hotspot.jre.full.win32.x86_64_14.0.2.v20200815-0932\jre\bin;C:\WINDOWS\SYSTEM32;C:\WINDOWS\WinSxS\amd64_microsoft.windows.common-controls_6595b64144ccf1df_6.0.19041.746_none_ca02b4b61b8320a4;C:\Users\505GT\.p2\pool\plugins\org.eclipse.justj.openjdk.hotspot.jre.full.win32.x86_64_14.0.2.v20200815-0932\jre\bin\server

VM Arguments:
jvm_args: -ea -javaagent:C:\Users\505GT\.m2\repository/org/aspectj/aspectjweaver/1.9.4/aspectjweaver-1.9.4.jar -Dfile.encoding=Cp1252 -XX:+ShowCodeDetailsInExceptionMessages 
java_command: org.testng.remote.RemoteTestNG -serport 61512 -protocol json -d C:\Users\505GT\eclipse-workspace\acenso\test-output C:\Users\505GT\eclipse-workspace\acenso\testng.xml
java_class_path (initial): C:\Users\505GT\eclipse\jee-2020-09\eclipse\configuration\org.eclipse.osgi\948\0\.cp\lib\testng-remote.jar;C:\Users\505GT\eclipse-workspace\acenso\target\test-classes;C:\Users\505GT\eclipse-workspace\acenso\target\classes;C:\Users\505GT\.m2\repository\io\github\bonigarcia\webdrivermanager\3.8.1\webdrivermanager-3.8.1.jar;C:\Users\505GT\.m2\repository\org\slf4j\slf4j-api\1.7.25\slf4j-api-1.7.25.jar;C:\Users\505GT\.m2\repository\commons-io\commons-io\2.6\commons-io-2.6.jar;C:\Users\505GT\.m2\repository\com\google\code\gson\gson\2.8.5\gson-2.8.5.jar;C:\Users\505GT\.m2\repository\org\apache\commons\commons-lang3\3.8.1\commons-lang3-3.8.1.jar;C:\Users\505GT\.m2\repository\org\apache\httpcomponents\httpclient\4.5.6\httpclient-4.5.6.jar;C:\Users\505GT\.m2\repository\org\apache\httpcomponents\httpcore\4.4.10\httpcore-4.4.10.jar;C:\Users\505GT\.m2\repository\commons-logging\commons-logging\1.2\commons-logging-1.2.jar;C:\Users\505GT\.m2\repository\commons-codec\commons-codec\1.10\commons-codec-1.10.jar;C:\Users\505GT\.m2\repository\org\rauschig\jarchivelib\1.0.0\jarchivelib-1.0.0.jar;C:\Users\505GT\.m2\repository\org\apache\commons\commons-compress\1.18\commons-compress-1.18.jar;C:\Users\505GT\.m2\repository\org\jsoup\jsoup\1.11.3\jsoup-1.11.3.jar;C:\Users\505GT\.m2\repository\org\seleniumhq\selenium\selenium-java\3.141.59\selenium-java-3.141.59.jar;C:\Users\505GT\.m2\repository\org\seleniumhq\selenium\selenium-api\3.141.59\selenium-api-3.141.59.jar;C:\Users\505GT\.m2\repository\org\seleniumhq\selenium\selenium-chrome-driver\3.141.59\selenium-chrome-driver-3.141.59.jar;C:\Users\505GT\.m2\repository\org\seleniumhq\selenium\selenium-edge-driver\3.141.59\selenium-edge-driver-3.141.59.jar;C:\Users\505GT\.m2\repository\org\seleniumhq\selenium\selenium-firefox-driver\3.141.59\selenium-firefox-driver-3.141.59.jar;C:\Users\505GT\.m2\repository\org\seleniumhq\selenium\selenium-ie-driver\3.141.59\selenium-ie-driver-3.141.59.jar;C:\Users\505GT\.m2\repository\
Launcher Type: SUN_STANDARD

[Global flags]
     intx CICompilerCount                          = 4                                         {product} {ergonomic}
     uint ConcGCThreads                            = 2                                         {product} {ergonomic}
     uint G1ConcRefinementThreads                  = 8                                         {product} {ergonomic}
   size_t G1HeapRegionSize                         = 1048576                                   {product} {ergonomic}
    uintx GCDrainStackTargetSize                   = 64                                        {product} {ergonomic}
   size_t InitialHeapSize                          = 132120576                                 {product} {ergonomic}
   size_t MarkStackSize                            = 4194304                                   {product} {ergonomic}
   size_t MaxHeapSize                              = 2109734912                                {product} {ergonomic}
   size_t MinHeapDeltaBytes                        = 1048576                                   {product} {ergonomic}
   size_t MinHeapSize                              = 8388608                                   {product} {ergonomic}
    uintx NonNMethodCodeHeapSize                   = 5839372                                {pd product} {ergonomic}
    uintx NonProfiledCodeHeapSize                  = 122909434                              {pd product} {ergonomic}
    uintx ProfiledCodeHeapSize                     = 122909434                              {pd product} {ergonomic}
    uintx ReservedCodeCacheSize                    = 251658240                              {pd product} {ergonomic}
     bool SegmentedCodeCache                       = true                                      {product} {ergonomic}
     bool ShowCodeDetailsInExceptionMessages       = true                                   {manageable} {command line}
   size_t SoftMaxHeapSize                          = 2109734912                             {manageable} {ergonomic}
     bool UseCompressedClassPointers               = true                                 {lp64_product} {ergonomic}
     bool UseCompressedOops                        = true                                 {lp64_product} {ergonomic}
     bool UseG1GC                                  = true                                      {product} {ergonomic}
     bool UseLargePagesIndividualAllocation        = false                                  {pd product} {ergonomic}

Logging:
Log output configuration:
 #0: stdout all=warning uptime,level,tags
 #1: stderr all=off uptime,level,tags

Environment Variables:
JAVA_HOME=C:\Program Files\Java\jdk1.8.0_271
PATH=C:/Users/505GT/.p2/pool/plugins/org.eclipse.justj.openjdk.hotspot.jre.full.win32.x86_64_14.0.2.v20200815-0932/jre/bin/server;C:/Users/505GT/.p2/pool/plugins/org.eclipse.justj.openjdk.hotspot.jre.full.win32.x86_64_14.0.2.v20200815-0932/jre/bin;C:\Program Files (x86)\Common Files\Oracle\Java\javapath;C:\Windows\system32;C:\Windows;C:\Windows\System32\Wbem;C:\Windows\System32\WindowsPowerShell\v1.0\;C:\Windows\System32\OpenSSH\;C:\Program Files (x86)\NVIDIA Corporation\PhysX\Common;C:\Program Files\NVIDIA Corporation\NVIDIA NvDLISR;C:\WINDOWS\system32;C:\WINDOWS;C:\WINDOWS\System32\Wbem;C:\WINDOWS\System32\WindowsPowerShell\v1.0\;C:\WINDOWS\System32\OpenSSH\;C:\Maven\apache-maven-3.6.3\bin;%JAVA_HOME%\bin;C:\ProgramData\chocolatey\bin;C:\Program Files\nodejs\;C:\Program Files\Git\cmd;C:\Maven\apache-maven-3.6.3\bin;C:\Maven\apache-maven-3.6.3\bin;C:\gradle\gradle-6.8.1\bin;C:\Users\505GT\scoop\shims;C:\Users\505GT\AppData\Local\Microsoft\WindowsApps;C:\Program Files\Java\jdk1.8.0_271\bin;C:\Users\505GT\AppData\Roaming\npm;C:\Users\505GT\AppData\Local\Programs\Microsoft VS Code\bin;C:\gradle\gradle-6.7\bin;C:\Maven\apache-maven-3.6.3\bin;C:\gradle\gradle-6.8.1\bin;;C:\Users\505GT\Desktop;
USERNAME=505GT
OS=Windows_NT
PROCESSOR_IDENTIFIER=Intel64 Family 6 Model 158 Stepping 10, GenuineIntel



---------------  S Y S T E M  ---------------

OS: Windows 10 , 64 bit Build 19041 (10.0.19041.804)
OS uptime: 5 days 0:32 hours

CPU:total 8 (initial active 8) (4 cores per cpu, 2 threads per core) family 6 model 158 stepping 10, cmov, cx8, fxsr, mmx, sse, sse2, sse3, ssse3, sse4.1, sse4.2, popcnt, avx, avx2, aes, clmul, erms, 3dnowpref, lzcnt, ht, tsc, tscinvbit, bmi1, bmi2, adx, fma

Memory: 4k page, system-wide physical 8043M (433M free)
TotalPageFile size 32619M (AvailPageFile size 93M)
current process WorkingSet (physical memory assigned to process): 10M, peak: 10M
current process commit charge ("private bytes"): 60M, peak: 186M

vm_info: OpenJDK 64-Bit Server VM (14.0.2+12-46) for windows-amd64 JRE (14.0.2+12-46), built on Jul  9 2020 00:31:16 by "mach5one" with MS VC++ 15.9 (VS2017)

END.
